2025-09-17T18:31:51: adCampaignRoutes: Router created, checking for middleware...
2025-09-17T18:31:52: Mounting routes...
2025-09-17T18:31:52: Public routes mounted
2025-09-17T18:31:52: Auth routes mounted
2025-09-17T18:31:52: Buyer routes mounted
2025-09-17T18:31:52: Seller routes mounted
2025-09-17T18:31:52: Products routes mounted
2025-09-17T18:31:52: Admin routes mounted
2025-09-17T18:31:52: Payment routes mounted
2025-09-17T18:31:52: Ad campaign routes mounted
2025-09-17T18:31:52: Error: listen EADDRINUSE: address already in use :::4000
2025-09-17T18:31:52:     at Server.setupListenHandle [as _listen2] (node:net:1940:16)
2025-09-17T18:31:52:     at listenInCluster (node:net:1997:12)
2025-09-17T18:31:52:     at Server.listen (node:net:2102:7)
2025-09-17T18:31:52:     at Function.listen (c:\Users\Hp\Desktop\base de donnee\sombago_100925_googlelogin_fblogin\backend\node_modules\express\lib\application.js:635:24)
2025-09-17T18:31:52:     at Object.<anonymous> (c:\Users\Hp\Desktop\base de donnee\sombago_100925_googlelogin_fblogin\backend\server.js:293:5)
2025-09-17T18:31:52:     at Module._compile (node:internal/modules/cjs/loader:1688:14)
2025-09-17T18:31:52:     at Object..js (node:internal/modules/cjs/loader:1820:10)
2025-09-17T18:31:52:     at Module.load (node:internal/modules/cjs/loader:1423:32)
2025-09-17T18:31:52:     at Function._load (node:internal/modules/cjs/loader:1246:12)
2025-09-17T18:31:52:     at Object.<anonymous> (C:\Users\Hp\AppData\Local\npm-cache\_npx\5f7878ce38f1eb13\node_modules\pm2\lib\ProcessContainerFork.js:33:23) {
2025-09-17T18:31:52:   code: 'EADDRINUSE',
2025-09-17T18:31:52:   errno: -4091,
2025-09-17T18:31:52:   syscall: 'listen',
2025-09-17T18:31:52:   address: '::',
2025-09-17T18:31:52:   port: 4000
2025-09-17T18:31:52: }
2025-09-17T18:31:57: adCampaignRoutes: Router created, checking for middleware...
2025-09-17T18:31:57: Mounting routes...
2025-09-17T18:31:57: Public routes mounted
2025-09-17T18:31:57: Auth routes mounted
2025-09-17T18:31:57: Buyer routes mounted
2025-09-17T18:31:57: Seller routes mounted
2025-09-17T18:31:57: Products routes mounted
2025-09-17T18:31:57: Admin routes mounted
2025-09-17T18:31:57: Payment routes mounted
2025-09-17T18:31:57: Ad campaign routes mounted
2025-09-17T18:31:57: Error: listen EADDRINUSE: address already in use :::4000
2025-09-17T18:31:57:     at Server.setupListenHandle [as _listen2] (node:net:1940:16)
2025-09-17T18:31:57:     at listenInCluster (node:net:1997:12)
2025-09-17T18:31:57:     at Server.listen (node:net:2102:7)
2025-09-17T18:31:57:     at Function.listen (c:\Users\Hp\Desktop\base de donnee\sombago_100925_googlelogin_fblogin\backend\node_modules\express\lib\application.js:635:24)
2025-09-17T18:31:57:     at Object.<anonymous> (c:\Users\Hp\Desktop\base de donnee\sombago_100925_googlelogin_fblogin\backend\server.js:293:5)
2025-09-17T18:31:57:     at Module._compile (node:internal/modules/cjs/loader:1688:14)
2025-09-17T18:31:57:     at Object..js (node:internal/modules/cjs/loader:1820:10)
2025-09-17T18:31:57:     at Module.load (node:internal/modules/cjs/loader:1423:32)
2025-09-17T18:31:57:     at Function._load (node:internal/modules/cjs/loader:1246:12)
2025-09-17T18:31:57:     at Object.<anonymous> (C:\Users\Hp\AppData\Local\npm-cache\_npx\5f7878ce38f1eb13\node_modules\pm2\lib\ProcessContainerFork.js:33:23) {
2025-09-17T18:31:57:   code: 'EADDRINUSE',
2025-09-17T18:31:57:   errno: -4091,
2025-09-17T18:31:57:   syscall: 'listen',
2025-09-17T18:31:57:   address: '::',
2025-09-17T18:31:57:   port: 4000
2025-09-17T18:31:57: }
2025-09-17T18:32:03: adCampaignRoutes: Router created, checking for middleware...
2025-09-17T18:32:03: Mounting routes...
2025-09-17T18:32:03: Public routes mounted
2025-09-17T18:32:03: Auth routes mounted
2025-09-17T18:32:03: Buyer routes mounted
2025-09-17T18:32:03: Seller routes mounted
2025-09-17T18:32:03: Products routes mounted
2025-09-17T18:32:03: Admin routes mounted
2025-09-17T18:32:03: Payment routes mounted
2025-09-17T18:32:03: Ad campaign routes mounted
2025-09-17T18:32:03: Error: listen EADDRINUSE: address already in use :::4000
2025-09-17T18:32:03:     at Server.setupListenHandle [as _listen2] (node:net:1940:16)
2025-09-17T18:32:03:     at listenInCluster (node:net:1997:12)
2025-09-17T18:32:03:     at Server.listen (node:net:2102:7)
2025-09-17T18:32:03:     at Function.listen (c:\Users\Hp\Desktop\base de donnee\sombago_100925_googlelogin_fblogin\backend\node_modules\express\lib\application.js:635:24)
2025-09-17T18:32:03:     at Object.<anonymous> (c:\Users\Hp\Desktop\base de donnee\sombago_100925_googlelogin_fblogin\backend\server.js:293:5)
2025-09-17T18:32:03:     at Module._compile (node:internal/modules/cjs/loader:1688:14)
2025-09-17T18:32:03:     at Object..js (node:internal/modules/cjs/loader:1820:10)
2025-09-17T18:32:03:     at Module.load (node:internal/modules/cjs/loader:1423:32)
2025-09-17T18:32:03:     at Function._load (node:internal/modules/cjs/loader:1246:12)
2025-09-17T18:32:03:     at Object.<anonymous> (C:\Users\Hp\AppData\Local\npm-cache\_npx\5f7878ce38f1eb13\node_modules\pm2\lib\ProcessContainerFork.js:33:23) {
2025-09-17T18:32:03:   code: 'EADDRINUSE',
2025-09-17T18:32:03:   errno: -4091,
2025-09-17T18:32:03:   syscall: 'listen',
2025-09-17T18:32:03:   address: '::',
2025-09-17T18:32:03:   port: 4000
2025-09-17T18:32:03: }
2025-09-17T18:32:08: adCampaignRoutes: Router created, checking for middleware...
2025-09-17T18:32:08: Mounting routes...
2025-09-17T18:32:08: Public routes mounted
2025-09-17T18:32:08: Auth routes mounted
2025-09-17T18:32:08: Buyer routes mounted
2025-09-17T18:32:08: Seller routes mounted
2025-09-17T18:32:08: Products routes mounted
2025-09-17T18:32:08: Admin routes mounted
2025-09-17T18:32:08: Payment routes mounted
2025-09-17T18:32:08: Ad campaign routes mounted
2025-09-17T18:32:08: Error: listen EADDRINUSE: address already in use :::4000
2025-09-17T18:32:08:     at Server.setupListenHandle [as _listen2] (node:net:1940:16)
2025-09-17T18:32:08:     at listenInCluster (node:net:1997:12)
2025-09-17T18:32:08:     at Server.listen (node:net:2102:7)
2025-09-17T18:32:08:     at Function.listen (c:\Users\Hp\Desktop\base de donnee\sombago_100925_googlelogin_fblogin\backend\node_modules\express\lib\application.js:635:24)
2025-09-17T18:32:08:     at Object.<anonymous> (c:\Users\Hp\Desktop\base de donnee\sombago_100925_googlelogin_fblogin\backend\server.js:293:5)
2025-09-17T18:32:08:     at Module._compile (node:internal/modules/cjs/loader:1688:14)
2025-09-17T18:32:08:     at Object..js (node:internal/modules/cjs/loader:1820:10)
2025-09-17T18:32:08:     at Module.load (node:internal/modules/cjs/loader:1423:32)
2025-09-17T18:32:08:     at Function._load (node:internal/modules/cjs/loader:1246:12)
2025-09-17T18:32:08:     at Object.<anonymous> (C:\Users\Hp\AppData\Local\npm-cache\_npx\5f7878ce38f1eb13\node_modules\pm2\lib\ProcessContainerFork.js:33:23) {
2025-09-17T18:32:08:   code: 'EADDRINUSE',
2025-09-17T18:32:08:   errno: -4091,
2025-09-17T18:32:08:   syscall: 'listen',
2025-09-17T18:32:08:   address: '::',
2025-09-17T18:32:08:   port: 4000
2025-09-17T18:32:08: }
2025-09-17T18:32:14: adCampaignRoutes: Router created, checking for middleware...
2025-09-17T18:32:14: Mounting routes...
2025-09-17T18:32:14: Public routes mounted
2025-09-17T18:32:14: Auth routes mounted
2025-09-17T18:32:14: Buyer routes mounted
2025-09-17T18:32:14: Seller routes mounted
2025-09-17T18:32:14: Products routes mounted
2025-09-17T18:32:14: Admin routes mounted
2025-09-17T18:32:14: Payment routes mounted
2025-09-17T18:32:14: Ad campaign routes mounted
2025-09-17T18:32:14: Error: listen EADDRINUSE: address already in use :::4000
2025-09-17T18:32:14:     at Server.setupListenHandle [as _listen2] (node:net:1940:16)
2025-09-17T18:32:14:     at listenInCluster (node:net:1997:12)
2025-09-17T18:32:14:     at Server.listen (node:net:2102:7)
2025-09-17T18:32:14:     at Function.listen (c:\Users\Hp\Desktop\base de donnee\sombago_100925_googlelogin_fblogin\backend\node_modules\express\lib\application.js:635:24)
2025-09-17T18:32:14:     at Object.<anonymous> (c:\Users\Hp\Desktop\base de donnee\sombago_100925_googlelogin_fblogin\backend\server.js:293:5)
2025-09-17T18:32:14:     at Module._compile (node:internal/modules/cjs/loader:1688:14)
2025-09-17T18:32:14:     at Object..js (node:internal/modules/cjs/loader:1820:10)
2025-09-17T18:32:14:     at Module.load (node:internal/modules/cjs/loader:1423:32)
2025-09-17T18:32:14:     at Function._load (node:internal/modules/cjs/loader:1246:12)
2025-09-17T18:32:14:     at Object.<anonymous> (C:\Users\Hp\AppData\Local\npm-cache\_npx\5f7878ce38f1eb13\node_modules\pm2\lib\ProcessContainerFork.js:33:23) {
2025-09-17T18:32:14:   code: 'EADDRINUSE',
2025-09-17T18:32:14:   errno: -4091,
2025-09-17T18:32:14:   syscall: 'listen',
2025-09-17T18:32:14:   address: '::',
2025-09-17T18:32:14:   port: 4000
2025-09-17T18:32:14: }
2025-09-17T18:32:19: adCampaignRoutes: Router created, checking for middleware...
2025-09-17T18:32:19: Mounting routes...
2025-09-17T18:32:19: Public routes mounted
2025-09-17T18:32:19: Auth routes mounted
2025-09-17T18:32:19: Buyer routes mounted
2025-09-17T18:32:19: Seller routes mounted
2025-09-17T18:32:19: Products routes mounted
2025-09-17T18:32:19: Admin routes mounted
2025-09-17T18:32:19: Payment routes mounted
2025-09-17T18:32:19: Ad campaign routes mounted
2025-09-17T18:32:19: Error: listen EADDRINUSE: address already in use :::4000
2025-09-17T18:32:19:     at Server.setupListenHandle [as _listen2] (node:net:1940:16)
2025-09-17T18:32:19:     at listenInCluster (node:net:1997:12)
2025-09-17T18:32:19:     at Server.listen (node:net:2102:7)
2025-09-17T18:32:19:     at Function.listen (c:\Users\Hp\Desktop\base de donnee\sombago_100925_googlelogin_fblogin\backend\node_modules\express\lib\application.js:635:24)
2025-09-17T18:32:19:     at Object.<anonymous> (c:\Users\Hp\Desktop\base de donnee\sombago_100925_googlelogin_fblogin\backend\server.js:293:5)
2025-09-17T18:32:19:     at Module._compile (node:internal/modules/cjs/loader:1688:14)
2025-09-17T18:32:19:     at Object..js (node:internal/modules/cjs/loader:1820:10)
2025-09-17T18:32:19:     at Module.load (node:internal/modules/cjs/loader:1423:32)
2025-09-17T18:32:19:     at Function._load (node:internal/modules/cjs/loader:1246:12)
2025-09-17T18:32:19:     at Object.<anonymous> (C:\Users\Hp\AppData\Local\npm-cache\_npx\5f7878ce38f1eb13\node_modules\pm2\lib\ProcessContainerFork.js:33:23) {
2025-09-17T18:32:19:   code: 'EADDRINUSE',
2025-09-17T18:32:19:   errno: -4091,
2025-09-17T18:32:19:   syscall: 'listen',
2025-09-17T18:32:19:   address: '::',
2025-09-17T18:32:19:   port: 4000
2025-09-17T18:32:19: }
2025-09-17T18:32:25: adCampaignRoutes: Router created, checking for middleware...
2025-09-17T18:32:25: Mounting routes...
2025-09-17T18:32:25: Public routes mounted
2025-09-17T18:32:25: Auth routes mounted
2025-09-17T18:32:25: Buyer routes mounted
2025-09-17T18:32:25: Seller routes mounted
2025-09-17T18:32:25: Products routes mounted
2025-09-17T18:32:25: Admin routes mounted
2025-09-17T18:32:25: Payment routes mounted
2025-09-17T18:32:25: Ad campaign routes mounted
2025-09-17T18:32:25: Error: listen EADDRINUSE: address already in use :::4000
2025-09-17T18:32:25:     at Server.setupListenHandle [as _listen2] (node:net:1940:16)
2025-09-17T18:32:25:     at listenInCluster (node:net:1997:12)
2025-09-17T18:32:25:     at Server.listen (node:net:2102:7)
2025-09-17T18:32:25:     at Function.listen (c:\Users\Hp\Desktop\base de donnee\sombago_100925_googlelogin_fblogin\backend\node_modules\express\lib\application.js:635:24)
2025-09-17T18:32:25:     at Object.<anonymous> (c:\Users\Hp\Desktop\base de donnee\sombago_100925_googlelogin_fblogin\backend\server.js:293:5)
2025-09-17T18:32:25:     at Module._compile (node:internal/modules/cjs/loader:1688:14)
2025-09-17T18:32:25:     at Object..js (node:internal/modules/cjs/loader:1820:10)
2025-09-17T18:32:25:     at Module.load (node:internal/modules/cjs/loader:1423:32)
2025-09-17T18:32:25:     at Function._load (node:internal/modules/cjs/loader:1246:12)
2025-09-17T18:32:25:     at Object.<anonymous> (C:\Users\Hp\AppData\Local\npm-cache\_npx\5f7878ce38f1eb13\node_modules\pm2\lib\ProcessContainerFork.js:33:23) {
2025-09-17T18:32:25:   code: 'EADDRINUSE',
2025-09-17T18:32:25:   errno: -4091,
2025-09-17T18:32:25:   syscall: 'listen',
2025-09-17T18:32:25:   address: '::',
2025-09-17T18:32:25:   port: 4000
2025-09-17T18:32:25: }
2025-09-17T18:32:30: adCampaignRoutes: Router created, checking for middleware...
2025-09-17T18:32:30: Mounting routes...
2025-09-17T18:32:30: Public routes mounted
2025-09-17T18:32:30: Auth routes mounted
2025-09-17T18:32:30: Buyer routes mounted
2025-09-17T18:32:30: Seller routes mounted
2025-09-17T18:32:30: Products routes mounted
2025-09-17T18:32:30: Admin routes mounted
2025-09-17T18:32:30: Payment routes mounted
2025-09-17T18:32:30: Ad campaign routes mounted
2025-09-17T18:32:30: Error: listen EADDRINUSE: address already in use :::4000
2025-09-17T18:32:30:     at Server.setupListenHandle [as _listen2] (node:net:1940:16)
2025-09-17T18:32:30:     at listenInCluster (node:net:1997:12)
2025-09-17T18:32:30:     at Server.listen (node:net:2102:7)
2025-09-17T18:32:30:     at Function.listen (c:\Users\Hp\Desktop\base de donnee\sombago_100925_googlelogin_fblogin\backend\node_modules\express\lib\application.js:635:24)
2025-09-17T18:32:30:     at Object.<anonymous> (c:\Users\Hp\Desktop\base de donnee\sombago_100925_googlelogin_fblogin\backend\server.js:293:5)
2025-09-17T18:32:30:     at Module._compile (node:internal/modules/cjs/loader:1688:14)
2025-09-17T18:32:30:     at Object..js (node:internal/modules/cjs/loader:1820:10)
2025-09-17T18:32:30:     at Module.load (node:internal/modules/cjs/loader:1423:32)
2025-09-17T18:32:30:     at Function._load (node:internal/modules/cjs/loader:1246:12)
2025-09-17T18:32:30:     at Object.<anonymous> (C:\Users\Hp\AppData\Local\npm-cache\_npx\5f7878ce38f1eb13\node_modules\pm2\lib\ProcessContainerFork.js:33:23) {
2025-09-17T18:32:30:   code: 'EADDRINUSE',
2025-09-17T18:32:30:   errno: -4091,
2025-09-17T18:32:30:   syscall: 'listen',
2025-09-17T18:32:30:   address: '::',
2025-09-17T18:32:30:   port: 4000
2025-09-17T18:32:30: }
2025-09-17T18:32:36: adCampaignRoutes: Router created, checking for middleware...
2025-09-17T18:32:36: Mounting routes...
2025-09-17T18:32:36: Public routes mounted
2025-09-17T18:32:36: Auth routes mounted
2025-09-17T18:32:36: Buyer routes mounted
2025-09-17T18:32:36: Seller routes mounted
2025-09-17T18:32:36: Products routes mounted
2025-09-17T18:32:36: Admin routes mounted
2025-09-17T18:32:36: Payment routes mounted
2025-09-17T18:32:36: Ad campaign routes mounted
2025-09-17T18:32:36: Error: listen EADDRINUSE: address already in use :::4000
2025-09-17T18:32:36:     at Server.setupListenHandle [as _listen2] (node:net:1940:16)
2025-09-17T18:32:36:     at listenInCluster (node:net:1997:12)
2025-09-17T18:32:36:     at Server.listen (node:net:2102:7)
2025-09-17T18:32:36:     at Function.listen (c:\Users\Hp\Desktop\base de donnee\sombago_100925_googlelogin_fblogin\backend\node_modules\express\lib\application.js:635:24)
2025-09-17T18:32:36:     at Object.<anonymous> (c:\Users\Hp\Desktop\base de donnee\sombago_100925_googlelogin_fblogin\backend\server.js:293:5)
2025-09-17T18:32:36:     at Module._compile (node:internal/modules/cjs/loader:1688:14)
2025-09-17T18:32:36:     at Object..js (node:internal/modules/cjs/loader:1820:10)
2025-09-17T18:32:36:     at Module.load (node:internal/modules/cjs/loader:1423:32)
2025-09-17T18:32:36:     at Function._load (node:internal/modules/cjs/loader:1246:12)
2025-09-17T18:32:36:     at Object.<anonymous> (C:\Users\Hp\AppData\Local\npm-cache\_npx\5f7878ce38f1eb13\node_modules\pm2\lib\ProcessContainerFork.js:33:23) {
2025-09-17T18:32:36:   code: 'EADDRINUSE',
2025-09-17T18:32:36:   errno: -4091,
2025-09-17T18:32:36:   syscall: 'listen',
2025-09-17T18:32:36:   address: '::',
2025-09-17T18:32:36:   port: 4000
2025-09-17T18:32:36: }
2025-09-17T18:32:41: adCampaignRoutes: Router created, checking for middleware...
2025-09-17T18:32:41: Mounting routes...
2025-09-17T18:32:41: Public routes mounted
2025-09-17T18:32:41: Auth routes mounted
2025-09-17T18:32:41: Buyer routes mounted
2025-09-17T18:32:41: Seller routes mounted
2025-09-17T18:32:41: Products routes mounted
2025-09-17T18:32:41: Admin routes mounted
2025-09-17T18:32:41: Payment routes mounted
2025-09-17T18:32:41: Ad campaign routes mounted
2025-09-17T18:32:41: Error: listen EADDRINUSE: address already in use :::4000
2025-09-17T18:32:41:     at Server.setupListenHandle [as _listen2] (node:net:1940:16)
2025-09-17T18:32:41:     at listenInCluster (node:net:1997:12)
2025-09-17T18:32:41:     at Server.listen (node:net:2102:7)
2025-09-17T18:32:41:     at Function.listen (c:\Users\Hp\Desktop\base de donnee\sombago_100925_googlelogin_fblogin\backend\node_modules\express\lib\application.js:635:24)
2025-09-17T18:32:41:     at Object.<anonymous> (c:\Users\Hp\Desktop\base de donnee\sombago_100925_googlelogin_fblogin\backend\server.js:293:5)
2025-09-17T18:32:41:     at Module._compile (node:internal/modules/cjs/loader:1688:14)
2025-09-17T18:32:41:     at Object..js (node:internal/modules/cjs/loader:1820:10)
2025-09-17T18:32:41:     at Module.load (node:internal/modules/cjs/loader:1423:32)
2025-09-17T18:32:41:     at Function._load (node:internal/modules/cjs/loader:1246:12)
2025-09-17T18:32:41:     at Object.<anonymous> (C:\Users\Hp\AppData\Local\npm-cache\_npx\5f7878ce38f1eb13\node_modules\pm2\lib\ProcessContainerFork.js:33:23) {
2025-09-17T18:32:41:   code: 'EADDRINUSE',
2025-09-17T18:32:41:   errno: -4091,
2025-09-17T18:32:41:   syscall: 'listen',
2025-09-17T18:32:41:   address: '::',
2025-09-17T18:32:41:   port: 4000
2025-09-17T18:32:41: }
