2025-09-17T18:31:52: Error: listen EADDRINUSE: address already in use :::4000
2025-09-17T18:31:52:     at Server.setupListenHandle [as _listen2] (node:net:1940:16)
2025-09-17T18:31:52:     at listenInCluster (node:net:1997:12)
2025-09-17T18:31:52:     at Server.listen (node:net:2102:7)
2025-09-17T18:31:52:     at Function.listen (c:\Users\Hp\Desktop\base de donnee\sombago_100925_googlelogin_fblogin\backend\node_modules\express\lib\application.js:635:24)
2025-09-17T18:31:52:     at Object.<anonymous> (c:\Users\Hp\Desktop\base de donnee\sombago_100925_googlelogin_fblogin\backend\server.js:293:5)
2025-09-17T18:31:52:     at Module._compile (node:internal/modules/cjs/loader:1688:14)
2025-09-17T18:31:52:     at Object..js (node:internal/modules/cjs/loader:1820:10)
2025-09-17T18:31:52:     at Module.load (node:internal/modules/cjs/loader:1423:32)
2025-09-17T18:31:52:     at Function._load (node:internal/modules/cjs/loader:1246:12)
2025-09-17T18:31:52:     at Object.<anonymous> (C:\Users\Hp\AppData\Local\npm-cache\_npx\5f7878ce38f1eb13\node_modules\pm2\lib\ProcessContainerFork.js:33:23) {
2025-09-17T18:31:52:   code: 'EADDRINUSE',
2025-09-17T18:31:52:   errno: -4091,
2025-09-17T18:31:52:   syscall: 'listen',
2025-09-17T18:31:52:   address: '::',
2025-09-17T18:31:52:   port: 4000
2025-09-17T18:31:52: }
2025-09-17T18:31:57: Error: listen EADDRINUSE: address already in use :::4000
2025-09-17T18:31:57:     at Server.setupListenHandle [as _listen2] (node:net:1940:16)
2025-09-17T18:31:57:     at listenInCluster (node:net:1997:12)
2025-09-17T18:31:57:     at Server.listen (node:net:2102:7)
2025-09-17T18:31:57:     at Function.listen (c:\Users\Hp\Desktop\base de donnee\sombago_100925_googlelogin_fblogin\backend\node_modules\express\lib\application.js:635:24)
2025-09-17T18:31:57:     at Object.<anonymous> (c:\Users\Hp\Desktop\base de donnee\sombago_100925_googlelogin_fblogin\backend\server.js:293:5)
2025-09-17T18:31:57:     at Module._compile (node:internal/modules/cjs/loader:1688:14)
2025-09-17T18:31:57:     at Object..js (node:internal/modules/cjs/loader:1820:10)
2025-09-17T18:31:57:     at Module.load (node:internal/modules/cjs/loader:1423:32)
2025-09-17T18:31:57:     at Function._load (node:internal/modules/cjs/loader:1246:12)
2025-09-17T18:31:57:     at Object.<anonymous> (C:\Users\Hp\AppData\Local\npm-cache\_npx\5f7878ce38f1eb13\node_modules\pm2\lib\ProcessContainerFork.js:33:23) {
2025-09-17T18:31:57:   code: 'EADDRINUSE',
2025-09-17T18:31:57:   errno: -4091,
2025-09-17T18:31:57:   syscall: 'listen',
2025-09-17T18:31:57:   address: '::',
2025-09-17T18:31:57:   port: 4000
2025-09-17T18:31:57: }
2025-09-17T18:32:03: Error: listen EADDRINUSE: address already in use :::4000
2025-09-17T18:32:03:     at Server.setupListenHandle [as _listen2] (node:net:1940:16)
2025-09-17T18:32:03:     at listenInCluster (node:net:1997:12)
2025-09-17T18:32:03:     at Server.listen (node:net:2102:7)
2025-09-17T18:32:03:     at Function.listen (c:\Users\Hp\Desktop\base de donnee\sombago_100925_googlelogin_fblogin\backend\node_modules\express\lib\application.js:635:24)
2025-09-17T18:32:03:     at Object.<anonymous> (c:\Users\Hp\Desktop\base de donnee\sombago_100925_googlelogin_fblogin\backend\server.js:293:5)
2025-09-17T18:32:03:     at Module._compile (node:internal/modules/cjs/loader:1688:14)
2025-09-17T18:32:03:     at Object..js (node:internal/modules/cjs/loader:1820:10)
2025-09-17T18:32:03:     at Module.load (node:internal/modules/cjs/loader:1423:32)
2025-09-17T18:32:03:     at Function._load (node:internal/modules/cjs/loader:1246:12)
2025-09-17T18:32:03:     at Object.<anonymous> (C:\Users\Hp\AppData\Local\npm-cache\_npx\5f7878ce38f1eb13\node_modules\pm2\lib\ProcessContainerFork.js:33:23) {
2025-09-17T18:32:03:   code: 'EADDRINUSE',
2025-09-17T18:32:03:   errno: -4091,
2025-09-17T18:32:03:   syscall: 'listen',
2025-09-17T18:32:03:   address: '::',
2025-09-17T18:32:03:   port: 4000
2025-09-17T18:32:03: }
2025-09-17T18:32:08: Error: listen EADDRINUSE: address already in use :::4000
2025-09-17T18:32:08:     at Server.setupListenHandle [as _listen2] (node:net:1940:16)
2025-09-17T18:32:08:     at listenInCluster (node:net:1997:12)
2025-09-17T18:32:08:     at Server.listen (node:net:2102:7)
2025-09-17T18:32:08:     at Function.listen (c:\Users\Hp\Desktop\base de donnee\sombago_100925_googlelogin_fblogin\backend\node_modules\express\lib\application.js:635:24)
2025-09-17T18:32:08:     at Object.<anonymous> (c:\Users\Hp\Desktop\base de donnee\sombago_100925_googlelogin_fblogin\backend\server.js:293:5)
2025-09-17T18:32:08:     at Module._compile (node:internal/modules/cjs/loader:1688:14)
2025-09-17T18:32:08:     at Object..js (node:internal/modules/cjs/loader:1820:10)
2025-09-17T18:32:08:     at Module.load (node:internal/modules/cjs/loader:1423:32)
2025-09-17T18:32:08:     at Function._load (node:internal/modules/cjs/loader:1246:12)
2025-09-17T18:32:08:     at Object.<anonymous> (C:\Users\Hp\AppData\Local\npm-cache\_npx\5f7878ce38f1eb13\node_modules\pm2\lib\ProcessContainerFork.js:33:23) {
2025-09-17T18:32:08:   code: 'EADDRINUSE',
2025-09-17T18:32:08:   errno: -4091,
2025-09-17T18:32:08:   syscall: 'listen',
2025-09-17T18:32:08:   address: '::',
2025-09-17T18:32:08:   port: 4000
2025-09-17T18:32:08: }
2025-09-17T18:32:14: Error: listen EADDRINUSE: address already in use :::4000
2025-09-17T18:32:14:     at Server.setupListenHandle [as _listen2] (node:net:1940:16)
2025-09-17T18:32:14:     at listenInCluster (node:net:1997:12)
2025-09-17T18:32:14:     at Server.listen (node:net:2102:7)
2025-09-17T18:32:14:     at Function.listen (c:\Users\Hp\Desktop\base de donnee\sombago_100925_googlelogin_fblogin\backend\node_modules\express\lib\application.js:635:24)
2025-09-17T18:32:14:     at Object.<anonymous> (c:\Users\Hp\Desktop\base de donnee\sombago_100925_googlelogin_fblogin\backend\server.js:293:5)
2025-09-17T18:32:14:     at Module._compile (node:internal/modules/cjs/loader:1688:14)
2025-09-17T18:32:14:     at Object..js (node:internal/modules/cjs/loader:1820:10)
2025-09-17T18:32:14:     at Module.load (node:internal/modules/cjs/loader:1423:32)
2025-09-17T18:32:14:     at Function._load (node:internal/modules/cjs/loader:1246:12)
2025-09-17T18:32:14:     at Object.<anonymous> (C:\Users\Hp\AppData\Local\npm-cache\_npx\5f7878ce38f1eb13\node_modules\pm2\lib\ProcessContainerFork.js:33:23) {
2025-09-17T18:32:14:   code: 'EADDRINUSE',
2025-09-17T18:32:14:   errno: -4091,
2025-09-17T18:32:14:   syscall: 'listen',
2025-09-17T18:32:14:   address: '::',
2025-09-17T18:32:14:   port: 4000
2025-09-17T18:32:14: }
2025-09-17T18:32:19: Error: listen EADDRINUSE: address already in use :::4000
2025-09-17T18:32:19:     at Server.setupListenHandle [as _listen2] (node:net:1940:16)
2025-09-17T18:32:19:     at listenInCluster (node:net:1997:12)
2025-09-17T18:32:19:     at Server.listen (node:net:2102:7)
2025-09-17T18:32:19:     at Function.listen (c:\Users\Hp\Desktop\base de donnee\sombago_100925_googlelogin_fblogin\backend\node_modules\express\lib\application.js:635:24)
2025-09-17T18:32:19:     at Object.<anonymous> (c:\Users\Hp\Desktop\base de donnee\sombago_100925_googlelogin_fblogin\backend\server.js:293:5)
2025-09-17T18:32:19:     at Module._compile (node:internal/modules/cjs/loader:1688:14)
2025-09-17T18:32:19:     at Object..js (node:internal/modules/cjs/loader:1820:10)
2025-09-17T18:32:19:     at Module.load (node:internal/modules/cjs/loader:1423:32)
2025-09-17T18:32:19:     at Function._load (node:internal/modules/cjs/loader:1246:12)
2025-09-17T18:32:19:     at Object.<anonymous> (C:\Users\Hp\AppData\Local\npm-cache\_npx\5f7878ce38f1eb13\node_modules\pm2\lib\ProcessContainerFork.js:33:23) {
2025-09-17T18:32:19:   code: 'EADDRINUSE',
2025-09-17T18:32:19:   errno: -4091,
2025-09-17T18:32:19:   syscall: 'listen',
2025-09-17T18:32:19:   address: '::',
2025-09-17T18:32:19:   port: 4000
2025-09-17T18:32:19: }
2025-09-17T18:32:25: Error: listen EADDRINUSE: address already in use :::4000
2025-09-17T18:32:25:     at Server.setupListenHandle [as _listen2] (node:net:1940:16)
2025-09-17T18:32:25:     at listenInCluster (node:net:1997:12)
2025-09-17T18:32:25:     at Server.listen (node:net:2102:7)
2025-09-17T18:32:25:     at Function.listen (c:\Users\Hp\Desktop\base de donnee\sombago_100925_googlelogin_fblogin\backend\node_modules\express\lib\application.js:635:24)
2025-09-17T18:32:25:     at Object.<anonymous> (c:\Users\Hp\Desktop\base de donnee\sombago_100925_googlelogin_fblogin\backend\server.js:293:5)
2025-09-17T18:32:25:     at Module._compile (node:internal/modules/cjs/loader:1688:14)
2025-09-17T18:32:25:     at Object..js (node:internal/modules/cjs/loader:1820:10)
2025-09-17T18:32:25:     at Module.load (node:internal/modules/cjs/loader:1423:32)
2025-09-17T18:32:25:     at Function._load (node:internal/modules/cjs/loader:1246:12)
2025-09-17T18:32:25:     at Object.<anonymous> (C:\Users\Hp\AppData\Local\npm-cache\_npx\5f7878ce38f1eb13\node_modules\pm2\lib\ProcessContainerFork.js:33:23) {
2025-09-17T18:32:25:   code: 'EADDRINUSE',
2025-09-17T18:32:25:   errno: -4091,
2025-09-17T18:32:25:   syscall: 'listen',
2025-09-17T18:32:25:   address: '::',
2025-09-17T18:32:25:   port: 4000
2025-09-17T18:32:25: }
2025-09-17T18:32:30: Error: listen EADDRINUSE: address already in use :::4000
2025-09-17T18:32:30:     at Server.setupListenHandle [as _listen2] (node:net:1940:16)
2025-09-17T18:32:30:     at listenInCluster (node:net:1997:12)
2025-09-17T18:32:30:     at Server.listen (node:net:2102:7)
2025-09-17T18:32:30:     at Function.listen (c:\Users\Hp\Desktop\base de donnee\sombago_100925_googlelogin_fblogin\backend\node_modules\express\lib\application.js:635:24)
2025-09-17T18:32:30:     at Object.<anonymous> (c:\Users\Hp\Desktop\base de donnee\sombago_100925_googlelogin_fblogin\backend\server.js:293:5)
2025-09-17T18:32:30:     at Module._compile (node:internal/modules/cjs/loader:1688:14)
2025-09-17T18:32:30:     at Object..js (node:internal/modules/cjs/loader:1820:10)
2025-09-17T18:32:30:     at Module.load (node:internal/modules/cjs/loader:1423:32)
2025-09-17T18:32:30:     at Function._load (node:internal/modules/cjs/loader:1246:12)
2025-09-17T18:32:30:     at Object.<anonymous> (C:\Users\Hp\AppData\Local\npm-cache\_npx\5f7878ce38f1eb13\node_modules\pm2\lib\ProcessContainerFork.js:33:23) {
2025-09-17T18:32:30:   code: 'EADDRINUSE',
2025-09-17T18:32:30:   errno: -4091,
2025-09-17T18:32:30:   syscall: 'listen',
2025-09-17T18:32:30:   address: '::',
2025-09-17T18:32:30:   port: 4000
2025-09-17T18:32:30: }
2025-09-17T18:32:36: Error: listen EADDRINUSE: address already in use :::4000
2025-09-17T18:32:36:     at Server.setupListenHandle [as _listen2] (node:net:1940:16)
2025-09-17T18:32:36:     at listenInCluster (node:net:1997:12)
2025-09-17T18:32:36:     at Server.listen (node:net:2102:7)
2025-09-17T18:32:36:     at Function.listen (c:\Users\Hp\Desktop\base de donnee\sombago_100925_googlelogin_fblogin\backend\node_modules\express\lib\application.js:635:24)
2025-09-17T18:32:36:     at Object.<anonymous> (c:\Users\Hp\Desktop\base de donnee\sombago_100925_googlelogin_fblogin\backend\server.js:293:5)
2025-09-17T18:32:36:     at Module._compile (node:internal/modules/cjs/loader:1688:14)
2025-09-17T18:32:36:     at Object..js (node:internal/modules/cjs/loader:1820:10)
2025-09-17T18:32:36:     at Module.load (node:internal/modules/cjs/loader:1423:32)
2025-09-17T18:32:36:     at Function._load (node:internal/modules/cjs/loader:1246:12)
2025-09-17T18:32:36:     at Object.<anonymous> (C:\Users\Hp\AppData\Local\npm-cache\_npx\5f7878ce38f1eb13\node_modules\pm2\lib\ProcessContainerFork.js:33:23) {
2025-09-17T18:32:36:   code: 'EADDRINUSE',
2025-09-17T18:32:36:   errno: -4091,
2025-09-17T18:32:36:   syscall: 'listen',
2025-09-17T18:32:36:   address: '::',
2025-09-17T18:32:36:   port: 4000
2025-09-17T18:32:36: }
2025-09-17T18:32:41: Error: listen EADDRINUSE: address already in use :::4000
2025-09-17T18:32:41:     at Server.setupListenHandle [as _listen2] (node:net:1940:16)
2025-09-17T18:32:41:     at listenInCluster (node:net:1997:12)
2025-09-17T18:32:41:     at Server.listen (node:net:2102:7)
2025-09-17T18:32:41:     at Function.listen (c:\Users\Hp\Desktop\base de donnee\sombago_100925_googlelogin_fblogin\backend\node_modules\express\lib\application.js:635:24)
2025-09-17T18:32:41:     at Object.<anonymous> (c:\Users\Hp\Desktop\base de donnee\sombago_100925_googlelogin_fblogin\backend\server.js:293:5)
2025-09-17T18:32:41:     at Module._compile (node:internal/modules/cjs/loader:1688:14)
2025-09-17T18:32:41:     at Object..js (node:internal/modules/cjs/loader:1820:10)
2025-09-17T18:32:41:     at Module.load (node:internal/modules/cjs/loader:1423:32)
2025-09-17T18:32:41:     at Function._load (node:internal/modules/cjs/loader:1246:12)
2025-09-17T18:32:41:     at Object.<anonymous> (C:\Users\Hp\AppData\Local\npm-cache\_npx\5f7878ce38f1eb13\node_modules\pm2\lib\ProcessContainerFork.js:33:23) {
2025-09-17T18:32:41:   code: 'EADDRINUSE',
2025-09-17T18:32:41:   errno: -4091,
2025-09-17T18:32:41:   syscall: 'listen',
2025-09-17T18:32:41:   address: '::',
2025-09-17T18:32:41:   port: 4000
2025-09-17T18:32:41: }
