2025-09-17T18:31:51: adCampaignRoutes: Router created, checking for middleware...
2025-09-17T18:31:52: Mounting routes...
2025-09-17T18:31:52: Public routes mounted
2025-09-17T18:31:52: Auth routes mounted
2025-09-17T18:31:52: Buyer routes mounted
2025-09-17T18:31:52: Seller routes mounted
2025-09-17T18:31:52: Products routes mounted
2025-09-17T18:31:52: Admin routes mounted
2025-09-17T18:31:52: Payment routes mounted
2025-09-17T18:31:52: Ad campaign routes mounted
2025-09-17T18:31:57: adCampaignRoutes: Router created, checking for middleware...
2025-09-17T18:31:57: Mounting routes...
2025-09-17T18:31:57: Public routes mounted
2025-09-17T18:31:57: Auth routes mounted
2025-09-17T18:31:57: Buyer routes mounted
2025-09-17T18:31:57: Seller routes mounted
2025-09-17T18:31:57: Products routes mounted
2025-09-17T18:31:57: Admin routes mounted
2025-09-17T18:31:57: Payment routes mounted
2025-09-17T18:31:57: Ad campaign routes mounted
2025-09-17T18:32:03: adCampaignRoutes: Router created, checking for middleware...
2025-09-17T18:32:03: Mounting routes...
2025-09-17T18:32:03: Public routes mounted
2025-09-17T18:32:03: Auth routes mounted
2025-09-17T18:32:03: Buyer routes mounted
2025-09-17T18:32:03: Seller routes mounted
2025-09-17T18:32:03: Products routes mounted
2025-09-17T18:32:03: Admin routes mounted
2025-09-17T18:32:03: Payment routes mounted
2025-09-17T18:32:03: Ad campaign routes mounted
2025-09-17T18:32:08: adCampaignRoutes: Router created, checking for middleware...
2025-09-17T18:32:08: Mounting routes...
2025-09-17T18:32:08: Public routes mounted
2025-09-17T18:32:08: Auth routes mounted
2025-09-17T18:32:08: Buyer routes mounted
2025-09-17T18:32:08: Seller routes mounted
2025-09-17T18:32:08: Products routes mounted
2025-09-17T18:32:08: Admin routes mounted
2025-09-17T18:32:08: Payment routes mounted
2025-09-17T18:32:08: Ad campaign routes mounted
2025-09-17T18:32:14: adCampaignRoutes: Router created, checking for middleware...
2025-09-17T18:32:14: Mounting routes...
2025-09-17T18:32:14: Public routes mounted
2025-09-17T18:32:14: Auth routes mounted
2025-09-17T18:32:14: Buyer routes mounted
2025-09-17T18:32:14: Seller routes mounted
2025-09-17T18:32:14: Products routes mounted
2025-09-17T18:32:14: Admin routes mounted
2025-09-17T18:32:14: Payment routes mounted
2025-09-17T18:32:14: Ad campaign routes mounted
2025-09-17T18:32:19: adCampaignRoutes: Router created, checking for middleware...
2025-09-17T18:32:19: Mounting routes...
2025-09-17T18:32:19: Public routes mounted
2025-09-17T18:32:19: Auth routes mounted
2025-09-17T18:32:19: Buyer routes mounted
2025-09-17T18:32:19: Seller routes mounted
2025-09-17T18:32:19: Products routes mounted
2025-09-17T18:32:19: Admin routes mounted
2025-09-17T18:32:19: Payment routes mounted
2025-09-17T18:32:19: Ad campaign routes mounted
2025-09-17T18:32:25: adCampaignRoutes: Router created, checking for middleware...
2025-09-17T18:32:25: Mounting routes...
2025-09-17T18:32:25: Public routes mounted
2025-09-17T18:32:25: Auth routes mounted
2025-09-17T18:32:25: Buyer routes mounted
2025-09-17T18:32:25: Seller routes mounted
2025-09-17T18:32:25: Products routes mounted
2025-09-17T18:32:25: Admin routes mounted
2025-09-17T18:32:25: Payment routes mounted
2025-09-17T18:32:25: Ad campaign routes mounted
2025-09-17T18:32:30: adCampaignRoutes: Router created, checking for middleware...
2025-09-17T18:32:30: Mounting routes...
2025-09-17T18:32:30: Public routes mounted
2025-09-17T18:32:30: Auth routes mounted
2025-09-17T18:32:30: Buyer routes mounted
2025-09-17T18:32:30: Seller routes mounted
2025-09-17T18:32:30: Products routes mounted
2025-09-17T18:32:30: Admin routes mounted
2025-09-17T18:32:30: Payment routes mounted
2025-09-17T18:32:30: Ad campaign routes mounted
2025-09-17T18:32:36: adCampaignRoutes: Router created, checking for middleware...
2025-09-17T18:32:36: Mounting routes...
2025-09-17T18:32:36: Public routes mounted
2025-09-17T18:32:36: Auth routes mounted
2025-09-17T18:32:36: Buyer routes mounted
2025-09-17T18:32:36: Seller routes mounted
2025-09-17T18:32:36: Products routes mounted
2025-09-17T18:32:36: Admin routes mounted
2025-09-17T18:32:36: Payment routes mounted
2025-09-17T18:32:36: Ad campaign routes mounted
2025-09-17T18:32:41: adCampaignRoutes: Router created, checking for middleware...
2025-09-17T18:32:41: Mounting routes...
2025-09-17T18:32:41: Public routes mounted
2025-09-17T18:32:41: Auth routes mounted
2025-09-17T18:32:41: Buyer routes mounted
2025-09-17T18:32:41: Seller routes mounted
2025-09-17T18:32:41: Products routes mounted
2025-09-17T18:32:41: Admin routes mounted
2025-09-17T18:32:41: Payment routes mounted
2025-09-17T18:32:41: Ad campaign routes mounted
